[23:48:32] [main/INFO] (FabricLoader/GameProvider) Loading Minecraft 1.20 with Fabric Loader 0.16.10
[23:48:32] [main/INFO] (FabricLoader) Loading 47 mods:
	- fabric-api 0.83.0+1.20
	- fabric-api-base 0.4.29+b04edc7a27
	- fabric-api-lookup-api-v1 1.6.34+4d8536c927
	- fabric-biome-api-v1 13.0.10+b3afc78b27
	- fabric-block-api-v1 1.0.9+e022e5d127
	- fabric-blockrenderlayer-v1 1.1.39+b3afc78b27
	- fabric-client-tags-api-v1 1.0.20+b3afc78b27
	- fabric-command-api-v2 2.2.11+b3afc78b27
	- fabric-content-registries-v0 4.0.7+b3afc78b27
	- fabric-convention-tags-v1 1.5.3+b3afc78b27
	- fabric-crash-report-info-v1 0.2.18+aeb40ebe27
	- fabric-data-generation-api-v1 12.1.10+b3afc78b27
	- fabric-dimensions-v1 2.1.51+b3afc78b27
	- fabric-entity-events-v1 1.5.21+b3afc78b27
	- fabric-events-interaction-v0 0.6.0+b3afc78b27
	- fabric-game-rule-api-v1 1.0.38+b04edc7a27
	- fabric-gametest-api-v1 1.2.10+b3afc78b27
	- fabric-item-api-v1 2.1.26+b3afc78b27
	- fabric-item-group-api-v1 4.0.7+b3afc78b27
	- fabric-key-binding-api-v1 1.0.36+fb8d95da27
	- fabric-lifecycle-events-v1 2.2.20+b3afc78b27
	- fabric-loot-api-v2 1.1.37+b3afc78b27
	- fabric-message-api-v1 5.1.6+b3afc78b27
	- fabric-mining-level-api-v1 2.1.47+b3afc78b27
	- fabric-models-v0 0.3.35+b3afc78b27
	- fabric-networking-api-v1 1.3.8+b3afc78b27
	- fabric-object-builder-api-v1 11.0.6+b3afc78b27
	- fabric-particles-v1 1.0.28+b3afc78b27
	- fabric-recipe-api-v1 1.0.18+b3afc78b27
	- fabric-registry-sync-v0 2.2.6+b3afc78b27
	- fabric-renderer-api-v1 3.0.1+b3afc78b27
	- fabric-renderer-indigo 1.3.1+b3afc78b27
	- fabric-rendering-data-attachment-v1 0.3.33+b3afc78b27
	- fabric-rendering-fluids-v1 3.0.26+b3afc78b27
	- fabric-rendering-v1 3.0.6+b3afc78b27
	- fabric-resource-conditions-api-v1 2.3.4+b3afc78b27
	- fabric-resource-loader-v0 0.11.7+f7923f6d27
	- fabric-screen-api-v1 2.0.6+b3afc78b27
	- fabric-screen-handler-api-v1 1.3.27+b3afc78b27
	- fabric-sound-api-v1 1.0.12+b3afc78b27
	- fabric-transfer-api-v1 3.2.2+b3afc78b27
	- fabric-transitive-access-wideners-v1 4.2.0+b3afc78b27
	- fabricloader 0.16.10
	- java 17
	- minecraft 1.20
	- minegram 1.0-SNAPSHOT
	- mixinextras 0.4.1
[23:48:32] [main/INFO] (FabricLoader/Mixin) SpongePowered MIXIN Subsystem Version=0.8.7 Source=file:/C:/Users/seumc/.gradle/caches/modules-2/files-2.1/net.fabricmc/sponge-mixin/0.15.4+mixin.0.8.7/6a12aacc794f1078458433116e9ed42c1cc98096/sponge-mixin-0.15.4+mixin.0.8.7.jar Service=Knot/Fabric Env=CLIENT
[23:48:33] [main/INFO] (FabricLoader/Mixin) Loaded Fabric development mappings for mixin remapper!
[23:48:33] [main/INFO] (FabricLoader/Mixin) Compatibility level set to JAVA_16
[23:48:33] [main/INFO] (FabricLoader/Mixin) Compatibility level set to JAVA_17
[23:48:34] [main/INFO] (FabricLoader/MixinExtras|Service) Initializing MixinExtras via com.llamalad7.mixinextras.service.MixinExtrasServiceImpl(version=0.4.1).
[23:48:39] [Datafixer Bootstrap/INFO] (Minecraft) 188 Datafixer optimizations took 199 milliseconds
[23:48:42] [Render thread/INFO] (Minecraft) Environment: authHost='https://authserver.mojang.com', accountsHost='https://api.mojang.com', sessionHost='https://sessionserver.mojang.com', servicesHost='https://api.minecraftservices.com', name='PROD'
[23:48:42] [Render thread/ERROR] (Minecraft) Failed to verify authentication
com.mojang.authlib.exceptions.InvalidCredentialsException: Status: 401
	at com.mojang.authlib.exceptions.MinecraftClientHttpException.toAuthenticationException(MinecraftClientHttpException.java:56) ~[authlib-4.0.43.jar:?]
	at com.mojang.authlib.yggdrasil.YggdrasilUserApiService.fetchProperties(YggdrasilUserApiService.java:156) ~[authlib-4.0.43.jar:?]
	at com.mojang.authlib.yggdrasil.YggdrasilUserApiService.<init>(YggdrasilUserApiService.java:55) ~[authlib-4.0.43.jar:?]
	at com.mojang.authlib.yggdrasil.YggdrasilAuthenticationService.createUserApiService(YggdrasilAuthenticationService.java:124) ~[authlib-4.0.43.jar:?]
	at net.minecraft.client.MinecraftClient.createUserApiService(MinecraftClient.java:733) ~[minecraft-clientOnly-c519cbe6f4-1.20-net.fabricmc.yarn.1_20.1.20+build.1-v2.jar:?]
	at net.minecraft.client.MinecraftClient.<init>(MinecraftClient.java:442) ~[minecraft-clientOnly-c519cbe6f4-1.20-net.fabricmc.yarn.1_20.1.20+build.1-v2.jar:?]
	at net.minecraft.client.main.Main.main(Main.java:211) ~[minecraft-clientOnly-c519cbe6f4-1.20-net.fabricmc.yarn.1_20.1.20+build.1-v2.jar:?]
	at net.fabricmc.loader.impl.game.minecraft.MinecraftGameProvider.launch(MinecraftGameProvider.java:480) ~[fabric-loader-0.16.10.jar:?]
	at net.fabricmc.loader.impl.launch.knot.Knot.launch(Knot.java:74) ~[fabric-loader-0.16.10.jar:?]
	at net.fabricmc.loader.impl.launch.knot.KnotClient.main(KnotClient.java:23) ~[fabric-loader-0.16.10.jar:?]
	at net.fabricmc.devlaunchinjector.Main.main(Main.java:86) ~[dev-launch-injector-0.2.1+build.8.jar:?]
Caused by: com.mojang.authlib.exceptions.MinecraftClientHttpException: Status: 401
	at com.mojang.authlib.minecraft.client.MinecraftClient.readInputStream(MinecraftClient.java:85) ~[authlib-4.0.43.jar:?]
	at com.mojang.authlib.minecraft.client.MinecraftClient.get(MinecraftClient.java:48) ~[authlib-4.0.43.jar:?]
	at com.mojang.authlib.yggdrasil.YggdrasilUserApiService.fetchProperties(YggdrasilUserApiService.java:129) ~[authlib-4.0.43.jar:?]
	... 9 more
[23:48:42] [Render thread/INFO] (Minecraft) Setting user: Player971
[23:48:42] [Render thread/INFO] (minegram) Initializing minegram Mod (Main)
[23:48:42] [Render thread/INFO] (minegram) Registering Mod Items (Restoring Original Placement Logic) for minegram
[23:48:43] [Render thread/INFO] (Indigo) [Indigo] Registering Indigo renderer!
[23:48:43] [Render thread/INFO] (Minecraft) Backend library: LWJGL version 3.3.1 SNAPSHOT
[23:48:44] [Render thread/INFO] (Minecraft) Reloading ResourceManager: vanilla, fabric (fabric-screen-handler-api-v1, fabric-particles-v1, fabric-resource-loader-v0, fabric-events-interaction-v0, fabric-key-binding-api-v1, fabric-resource-conditions-api-v1, fabric-api, fabric-registry-sync-v0, fabric-rendering-data-attachment-v1, fabric-lifecycle-events-v1, fabric-block-api-v1, fabric-sound-api-v1, fabric-content-registries-v0, fabric-convention-tags-v1, fabric-entity-events-v1, fabric-rendering-v1, fabric-data-generation-api-v1, fabric-item-api-v1, fabric-screen-api-v1, fabric-renderer-api-v1, fabric-biome-api-v1, fabric-transitive-access-wideners-v1, fabric-client-tags-api-v1, fabric-object-builder-api-v1, fabric-game-rule-api-v1, fabric-loot-api-v2, fabric-renderer-indigo, fabric-dimensions-v1, fabricloader, fabric-command-api-v2, fabric-transfer-api-v1, fabric-rendering-fluids-v1, fabric-api-base, fabric-networking-api-v1, minegram, fabric-recipe-api-v1, fabric-blockrenderlayer-v1, fabric-api-lookup-api-v1, fabric-message-api-v1, fabric-models-v0, fabric-gametest-api-v1, fabric-item-group-api-v1, fabric-mining-level-api-v1, fabric-crash-report-info-v1)
[23:48:44] [Worker-Main-4/INFO] (Minecraft) Found unifont_all_no_pua-15.0.06.hex, loading
[23:48:45] [Realms Notification Availability checker #1/INFO] (Minecraft) Could not authorize you against Realms server: Invalid session id
[23:48:47] [Render thread/WARN] (Minecraft) Missing sound for event: minecraft:item.goat_horn.play
[23:48:47] [Render thread/WARN] (Minecraft) Missing sound for event: minecraft:entity.goat.screaming.horn_break
[23:48:47] [Render thread/INFO] (Minecraft) OpenAL initialized on device OpenAL Soft on Smart M50D(NVIDIA High Definition Audio)
[23:48:47] [Render thread/INFO] (Minecraft) Sound engine started
[23:48:47] [Render thread/INFO] (Minecraft) Created: 1024x512x4 minecraft:textures/atlas/blocks.png-atlas
[23:48:47] [Render thread/INFO] (Minecraft) Created: 256x256x4 minecraft:textures/atlas/signs.png-atlas
[23:48:47] [Render thread/INFO] (Minecraft) Created: 512x512x4 minecraft:textures/atlas/banner_patterns.png-atlas
[23:48:47] [Render thread/INFO] (Minecraft) Created: 512x512x4 minecraft:textures/atlas/shield_patterns.png-atlas
[23:48:47] [Render thread/INFO] (Minecraft) Created: 1024x1024x4 minecraft:textures/atlas/armor_trims.png-atlas
[23:48:47] [Render thread/INFO] (Minecraft) Created: 256x256x4 minecraft:textures/atlas/chest.png-atlas
[23:48:47] [Render thread/INFO] (Minecraft) Created: 128x64x4 minecraft:textures/atlas/decorated_pot.png-atlas
[23:48:47] [Render thread/INFO] (Minecraft) Created: 512x256x4 minecraft:textures/atlas/beds.png-atlas
[23:48:47] [Render thread/INFO] (Minecraft) Created: 512x256x4 minecraft:textures/atlas/shulker_boxes.png-atlas
[23:48:47] [Render thread/WARN] (Minecraft) Shader rendertype_entity_translucent_emissive could not find sampler named Sampler2 in the specified shader program.
[23:48:47] [Render thread/INFO] (Minecraft) Created: 256x256x0 minecraft:textures/atlas/particles.png-atlas
[23:48:47] [Render thread/INFO] (Minecraft) Created: 256x256x0 minecraft:textures/atlas/paintings.png-atlas
[23:48:47] [Render thread/INFO] (Minecraft) Created: 128x128x0 minecraft:textures/atlas/mob_effects.png-atlas
[23:49:59] [Render thread/INFO] (Minecraft) Loaded 7 recipes
[23:49:59] [Render thread/INFO] (Minecraft) Loaded 1271 advancements
[23:50:00] [Render thread/INFO] (BiomeModificationImpl) Applied 0 biome modifications to 0 of 64 new biomes in 1.664 ms
[23:50:00] [Server thread/INFO] (Minecraft) Starting integrated minecraft server version 1.20
[23:50:00] [Server thread/INFO] (Minecraft) Generating keypair
[23:50:00] [Server thread/INFO] (Minecraft) Preparing start region for dimension minecraft:overworld
[23:50:03] [Render thread/INFO] (Minecraft) 스폰 영역 준비 중: 0%
[23:50:03] [Render thread/INFO] (Minecraft) 스폰 영역 준비 중: 0%
[23:50:03] [Render thread/INFO] (Minecraft) 스폰 영역 준비 중: 0%
[23:50:03] [Render thread/INFO] (Minecraft) 스폰 영역 준비 중: 0%
[23:50:03] [Render thread/INFO] (Minecraft) 스폰 영역 준비 중: 0%
[23:50:03] [Render thread/INFO] (Minecraft) 스폰 영역 준비 중: 0%
[23:50:03] [Render thread/INFO] (Minecraft) 스폰 영역 준비 중: 56%
[23:50:03] [Render thread/INFO] (Minecraft) Time elapsed: 3234 ms
[23:50:04] [Server thread/INFO] (Minecraft) Changing view distance to 12, from 10
[23:50:04] [Server thread/INFO] (Minecraft) Changing simulation distance to 12, from 0
[23:50:04] [Server thread/INFO] (Minecraft) Player971[local:E:981a61a9] logged in with entity id 11 at (18.36780652966843, -60.0, 8.156168840658232)
[23:50:04] [Server thread/INFO] (Minecraft) Player971이(가) 게임에 참여했습니다
[23:50:05] [Render thread/INFO] (Minecraft) Loaded 3 advancements
[23:50:07] [Render thread/INFO] (minegram) [PlaceBook] Condition MET on Client.
[23:50:07] [Render thread/INFO] (minegram) [PlaceBook] Client: Acknowledging placement interaction.
[23:50:07] [Server thread/INFO] (minegram) [PlaceBook] Condition MET on Server.
[23:50:07] [Server thread/INFO] (minegram) [PlaceBook] Server: Executing placement logic...
[23:50:07] [Server thread/INFO] (minegram) [PlaceBook] Server: Book placed and state updated.
[23:50:11] [Render thread/INFO] (minegram) [PlaceBook] Condition MET on Client.
[23:50:11] [Render thread/INFO] (minegram) [PlaceBook] Client: Acknowledging placement interaction.
[23:50:11] [Server thread/INFO] (minegram) [PlaceBook] Condition MET on Server.
[23:50:11] [Server thread/INFO] (minegram) [PlaceBook] Server: Executing placement logic...
[23:50:11] [Server thread/INFO] (minegram) [PlaceBook] Server: Book placed and state updated.
[23:50:12] [Render thread/INFO] (minegram) [PlaceBook] Condition MET on Client.
[23:50:12] [Render thread/INFO] (minegram) [PlaceBook] Client: Acknowledging placement interaction.
[23:50:12] [Server thread/INFO] (minegram) [OpenGUI] Server: Acknowledging GUI open interaction.
[23:50:13] [Render thread/INFO] (minegram) [PlaceBook] Condition MET on Client.
[23:50:13] [Render thread/INFO] (minegram) [PlaceBook] Client: Acknowledging placement interaction.
[23:50:13] [Server thread/INFO] (minegram) [OpenGUI] Server: Acknowledging GUI open interaction.
[23:50:17] [Render thread/INFO] (minegram) [PlaceBook] Condition MET on Client.
[23:50:17] [Render thread/INFO] (minegram) [PlaceBook] Client: Acknowledging placement interaction.
[23:50:17] [Server thread/INFO] (minegram) [PlaceBook] Condition MET on Server.
[23:50:17] [Server thread/INFO] (minegram) [PlaceBook] Server: Executing placement logic...
[23:50:17] [Server thread/INFO] (minegram) [PlaceBook] Server: Book placed and state updated.
[23:50:20] [Server thread/INFO] (minegram) [OpenGUI] Server: Acknowledging GUI open interaction.
[23:50:21] [Render thread/INFO] (minegram) [PlaceBook] Condition MET on Client.
[23:50:21] [Render thread/INFO] (minegram) [PlaceBook] Client: Acknowledging placement interaction.
[23:50:21] [Server thread/INFO] (minegram) [OpenGUI] Server: Acknowledging GUI open interaction.
[23:50:24] [Server thread/INFO] (Minecraft) Saving and pausing game...
[23:50:24] [Server thread/INFO] (Minecraft) Saving chunks for level 'ServerLevel[새로운 세계]'/minecraft:overworld
[23:50:24] [Server thread/INFO] (Minecraft) Saving chunks for level 'ServerLevel[새로운 세계]'/minecraft:the_end
[23:50:24] [Server thread/INFO] (Minecraft) Saving chunks for level 'ServerLevel[새로운 세계]'/minecraft:the_nether
[23:50:29] [Server thread/INFO] (Minecraft) Saving and pausing game...
[23:50:29] [Server thread/INFO] (Minecraft) Saving chunks for level 'ServerLevel[새로운 세계]'/minecraft:overworld
[23:50:29] [Server thread/INFO] (Minecraft) Saving chunks for level 'ServerLevel[새로운 세계]'/minecraft:the_end
[23:50:29] [Server thread/INFO] (Minecraft) Saving chunks for level 'ServerLevel[새로운 세계]'/minecraft:the_nether
[23:50:30] [Render thread/INFO] (Minecraft) Stopping!
[23:50:30] [Server thread/ERROR] (Minecraft) Encountered an unexpected exception
java.lang.NullPointerException: null
	at org.lwjgl.system.JNI.invokeD(Native Method) ~[lwjgl-3.3.1.jar:?]
	at org.lwjgl.glfw.GLFW.glfwGetTime(GLFW.java:4775) ~[lwjgl-glfw-3.3.1.jar:?]
	at com.mojang.blaze3d.platform.GLX.lambda$_initGlfw$2(GLX.java:69) ~[minecraft-clientOnly-c519cbe6f4-1.20-net.fabricmc.yarn.1_20.1.20+build.1-v2.jar:?]
	at net.minecraft.util.Util.getMeasuringTimeNano(Util.java:126) ~[minecraft-common-c519cbe6f4-1.20-net.fabricmc.yarn.1_20.1.20+build.1-v2.jar:?]
	at net.minecraft.util.Util.getMeasuringTimeMs(Util.java:122) ~[minecraft-common-c519cbe6f4-1.20-net.fabricmc.yarn.1_20.1.20+build.1-v2.jar:?]
	at net.minecraft.server.MinecraftServer.shouldKeepTicking(MinecraftServer.java:738) ~[minecraft-common-c519cbe6f4-1.20-net.fabricmc.yarn.1_20.1.20+build.1-v2.jar:?]
	at net.minecraft.server.MinecraftServer.isMainThread(MinecraftServer.java:743) ~[minecraft-common-c519cbe6f4-1.20-net.fabricmc.yarn.1_20.1.20+build.1-v2.jar:?]
	at net.minecraft.util.thread.ThreadExecutor.runTasks(ThreadExecutor.java:138) ~[minecraft-common-c519cbe6f4-1.20-net.fabricmc.yarn.1_20.1.20+build.1-v2.jar:?]
	at net.minecraft.server.MinecraftServer.runTasksTillTickEnd(MinecraftServer.java:743) ~[minecraft-common-c519cbe6f4-1.20-net.fabricmc.yarn.1_20.1.20+build.1-v2.jar:?]
	at net.minecraft.server.MinecraftServer.runServer(MinecraftServer.java:675) ~[minecraft-common-c519cbe6f4-1.20-net.fabricmc.yarn.1_20.1.20+build.1-v2.jar:?]
	at net.minecraft.server.MinecraftServer.method_29739(MinecraftServer.java:265) ~[minecraft-common-c519cbe6f4-1.20-net.fabricmc.yarn.1_20.1.20+build.1-v2.jar:?]
	at java.lang.Thread.run(Thread.java:842) ~[?:?]
